<?xml version="1.0" encoding="UTF-8"?>
<coverage generated="1687802336415" clover="3.2.0">
  <project timestamp="1687802336415" name="All files">
    <metrics statements="57" coveredstatements="57" conditionals="18" coveredconditionals="18" methods="23" coveredmethods="23" elements="98" coveredelements="98" complexity="0" loc="57" ncloc="57" packages="1" files="1" classes="1"/>
    <file name="index.js" path="C:\Users\yandr\OneDrive\Desktop\programming\nimm-commonhook\index.js">
      <metrics statements="57" coveredstatements="57" conditionals="18" coveredconditionals="18" methods="23" coveredmethods="23"/>
      <line num="10" count="1" type="stmt"/>
      <line num="11" count="1" type="stmt"/>
      <line num="13" count="8" type="stmt"/>
      <line num="14" count="8" type="stmt"/>
      <line num="17" count="4" type="stmt"/>
      <line num="20" count="12" type="stmt"/>
      <line num="23" count="6" type="stmt"/>
      <line num="30" count="17" type="stmt"/>
      <line num="31" count="17" type="stmt"/>
      <line num="32" count="17" type="cond" truecount="2" falsecount="0"/>
      <line num="33" count="17" type="stmt"/>
      <line num="34" count="17" type="stmt"/>
      <line num="35" count="17" type="stmt"/>
      <line num="38" count="12" type="stmt"/>
      <line num="39" count="15" type="stmt"/>
      <line num="41" count="15" type="stmt"/>
      <line num="42" count="15" type="stmt"/>
      <line num="47" count="15" type="stmt"/>
      <line num="48" count="21" type="stmt"/>
      <line num="52" count="12" type="cond" truecount="2" falsecount="0"/>
      <line num="54" count="3" type="cond" truecount="2" falsecount="0"/>
      <line num="55" count="2" type="stmt"/>
      <line num="56" count="2" type="stmt"/>
      <line num="58" count="1" type="stmt"/>
      <line num="59" count="1" type="stmt"/>
      <line num="64" count="12" type="stmt"/>
      <line num="68" count="18" type="stmt"/>
      <line num="72" count="46" type="cond" truecount="2" falsecount="0"/>
      <line num="74" count="39" type="cond" truecount="2" falsecount="0"/>
      <line num="76" count="38" type="stmt"/>
      <line num="77" count="39" type="cond" truecount="2" falsecount="0"/>
      <line num="80" count="34" type="stmt"/>
      <line num="83" count="22" type="stmt"/>
      <line num="84" count="22" type="stmt"/>
      <line num="85" count="31" type="stmt"/>
      <line num="92" count="1" type="stmt"/>
      <line num="95" count="1" type="stmt"/>
      <line num="96" count="3" type="stmt"/>
      <line num="97" count="3" type="stmt"/>
      <line num="99" count="1" type="stmt"/>
      <line num="100" count="3" type="stmt"/>
      <line num="101" count="3" type="stmt"/>
      <line num="105" count="48" type="stmt"/>
      <line num="107" count="45" type="stmt"/>
      <line num="108" count="45" type="cond" truecount="2" falsecount="0"/>
      <line num="109" count="12" type="stmt"/>
      <line num="110" count="12" type="stmt"/>
      <line num="111" count="12" type="stmt"/>
      <line num="114" count="45" type="stmt"/>
      <line num="115" count="21" type="stmt"/>
      <line num="116" count="21" type="stmt"/>
      <line num="119" count="21" type="stmt"/>
      <line num="120" count="21" type="stmt"/>
      <line num="122" count="21" type="cond" truecount="2" falsecount="0"/>
      <line num="123" count="15" type="stmt"/>
      <line num="124" count="15" type="stmt"/>
      <line num="129" count="45" type="stmt"/>
    </file>
  </project>
</coverage>
