{"C:\\Users\\yandr\\OneDrive\\Desktop\\programming\\nimm-commonhook\\index.js": {"path":"C:\\Users\\yandr\\OneDrive\\Desktop\\programming\\nimm-commonhook\\index.js","statementMap":{"0":{"start":{"line":10,"column":15},"end":{"line":10,"column":19}},"1":{"start":{"line":11,"column":19},"end":{"line":11,"column":23}},"2":{"start":{"line":13,"column":4},"end":{"line":13,"column":39}},"3":{"start":{"line":14,"column":4},"end":{"line":14,"column":37}},"4":{"start":{"line":17,"column":4},"end":{"line":17,"column":38}},"5":{"start":{"line":20,"column":4},"end":{"line":20,"column":25}},"6":{"start":{"line":23,"column":4},"end":{"line":23,"column":38}},"7":{"start":{"line":30,"column":8},"end":{"line":30,"column":24}},"8":{"start":{"line":31,"column":8},"end":{"line":31,"column":25}},"9":{"start":{"line":32,"column":8},"end":{"line":32,"column":31}},"10":{"start":{"line":33,"column":8},"end":{"line":33,"column":28}},"11":{"start":{"line":34,"column":8},"end":{"line":34,"column":49}},"12":{"start":{"line":35,"column":8},"end":{"line":35,"column":29}},"13":{"start":{"line":38,"column":8},"end":{"line":50,"column":10}},"14":{"start":{"line":39,"column":24},"end":{"line":39,"column":37}},"15":{"start":{"line":41,"column":12},"end":{"line":41,"column":24}},"16":{"start":{"line":42,"column":12},"end":{"line":42,"column":24}},"17":{"start":{"line":47,"column":16},"end":{"line":48,"column":54}},"18":{"start":{"line":48,"column":45},"end":{"line":48,"column":52}},"19":{"start":{"line":52,"column":8},"end":{"line":62,"column":9}},"20":{"start":{"line":54,"column":12},"end":{"line":60,"column":13}},"21":{"start":{"line":55,"column":16},"end":{"line":55,"column":40}},"22":{"start":{"line":56,"column":16},"end":{"line":56,"column":49}},"23":{"start":{"line":58,"column":16},"end":{"line":58,"column":43}},"24":{"start":{"line":59,"column":16},"end":{"line":59,"column":49}},"25":{"start":{"line":64,"column":8},"end":{"line":64,"column":24}},"26":{"start":{"line":68,"column":8},"end":{"line":68,"column":29}},"27":{"start":{"line":72,"column":8},"end":{"line":72,"column":45}},"28":{"start":{"line":72,"column":32},"end":{"line":72,"column":45}},"29":{"start":{"line":74,"column":8},"end":{"line":74,"column":59}},"30":{"start":{"line":74,"column":46},"end":{"line":74,"column":59}},"31":{"start":{"line":76,"column":8},"end":{"line":78,"column":9}},"32":{"start":{"line":76,"column":21},"end":{"line":76,"column":22}},"33":{"start":{"line":77,"column":12},"end":{"line":77,"column":55}},"34":{"start":{"line":77,"column":42},"end":{"line":77,"column":55}},"35":{"start":{"line":80,"column":8},"end":{"line":80,"column":20}},"36":{"start":{"line":83,"column":8},"end":{"line":83,"column":32}},"37":{"start":{"line":84,"column":8},"end":{"line":86,"column":10}},"38":{"start":{"line":85,"column":12},"end":{"line":85,"column":66}},"39":{"start":{"line":85,"column":56},"end":{"line":85,"column":64}},"40":{"start":{"line":92,"column":19},"end":{"line":92,"column":21}},"41":{"start":{"line":95,"column":26},"end":{"line":98,"column":1}},"42":{"start":{"line":96,"column":4},"end":{"line":96,"column":37}},"43":{"start":{"line":96,"column":23},"end":{"line":96,"column":35}},"44":{"start":{"line":97,"column":4},"end":{"line":97,"column":15}},"45":{"start":{"line":99,"column":26},"end":{"line":102,"column":1}},"46":{"start":{"line":100,"column":4},"end":{"line":100,"column":20}},"47":{"start":{"line":101,"column":4},"end":{"line":101,"column":24}},"48":{"start":{"line":105,"column":23},"end":{"line":105,"column":44}},"49":{"start":{"line":107,"column":21},"end":{"line":107,"column":58}},"50":{"start":{"line":107,"column":37},"end":{"line":107,"column":57}},"51":{"start":{"line":108,"column":4},"end":{"line":112,"column":5}},"52":{"start":{"line":109,"column":8},"end":{"line":109,"column":48}},"53":{"start":{"line":110,"column":8},"end":{"line":110,"column":31}},"54":{"start":{"line":111,"column":8},"end":{"line":111,"column":26}},"55":{"start":{"line":114,"column":4},"end":{"line":127,"column":21}},"56":{"start":{"line":115,"column":18},"end":{"line":117,"column":10}},"57":{"start":{"line":116,"column":12},"end":{"line":116,"column":32}},"58":{"start":{"line":119,"column":8},"end":{"line":126,"column":10}},"59":{"start":{"line":120,"column":12},"end":{"line":120,"column":16}},"60":{"start":{"line":122,"column":12},"end":{"line":125,"column":13}},"61":{"start":{"line":123,"column":16},"end":{"line":123,"column":38}},"62":{"start":{"line":124,"column":16},"end":{"line":124,"column":60}},"63":{"start":{"line":124,"column":42},"end":{"line":124,"column":58}},"64":{"start":{"line":129,"column":4},"end":{"line":129,"column":26}}},"fnMap":{"0":{"name":"newWireMethod","decl":{"start":{"line":12,"column":9},"end":{"line":12,"column":22}},"loc":{"start":{"line":12,"column":30},"end":{"line":15,"column":1}},"line":12},"1":{"name":"oldWireMethod","decl":{"start":{"line":16,"column":9},"end":{"line":16,"column":22}},"loc":{"start":{"line":16,"column":30},"end":{"line":18,"column":1}},"line":16},"2":{"name":"newDestructMethod","decl":{"start":{"line":19,"column":9},"end":{"line":19,"column":26}},"loc":{"start":{"line":19,"column":34},"end":{"line":21,"column":1}},"line":19},"3":{"name":"oldDestructMethod","decl":{"start":{"line":22,"column":9},"end":{"line":22,"column":26}},"loc":{"start":{"line":22,"column":34},"end":{"line":24,"column":1}},"line":22},"4":{"name":"(anonymous_4)","decl":{"start":{"line":29,"column":4},"end":{"line":29,"column":5}},"loc":{"start":{"line":29,"column":28},"end":{"line":36,"column":5}},"line":29},"5":{"name":"(anonymous_5)","decl":{"start":{"line":37,"column":4},"end":{"line":37,"column":5}},"loc":{"start":{"line":37,"column":11},"end":{"line":65,"column":5}},"line":37},"6":{"name":"(anonymous_6)","decl":{"start":{"line":38,"column":44},"end":{"line":38,"column":45}},"loc":{"start":{"line":38,"column":70},"end":{"line":43,"column":9}},"line":38},"7":{"name":"(anonymous_7)","decl":{"start":{"line":46,"column":19},"end":{"line":46,"column":20}},"loc":{"start":{"line":46,"column":25},"end":{"line":49,"column":13}},"line":46},"8":{"name":"(anonymous_8)","decl":{"start":{"line":48,"column":39},"end":{"line":48,"column":40}},"loc":{"start":{"line":48,"column":45},"end":{"line":48,"column":52}},"line":48},"9":{"name":"(anonymous_9)","decl":{"start":{"line":67,"column":4},"end":{"line":67,"column":5}},"loc":{"start":{"line":67,"column":15},"end":{"line":69,"column":5}},"line":67},"10":{"name":"(anonymous_10)","decl":{"start":{"line":71,"column":4},"end":{"line":71,"column":5}},"loc":{"start":{"line":71,"column":28},"end":{"line":81,"column":5}},"line":71},"11":{"name":"(anonymous_11)","decl":{"start":{"line":82,"column":4},"end":{"line":82,"column":5}},"loc":{"start":{"line":82,"column":15},"end":{"line":87,"column":5}},"line":82},"12":{"name":"(anonymous_12)","decl":{"start":{"line":84,"column":15},"end":{"line":84,"column":16}},"loc":{"start":{"line":84,"column":21},"end":{"line":86,"column":9}},"line":84},"13":{"name":"(anonymous_13)","decl":{"start":{"line":85,"column":51},"end":{"line":85,"column":52}},"loc":{"start":{"line":85,"column":56},"end":{"line":85,"column":64}},"line":85},"14":{"name":"(anonymous_14)","decl":{"start":{"line":95,"column":26},"end":{"line":95,"column":27}},"loc":{"start":{"line":95,"column":32},"end":{"line":98,"column":1}},"line":95},"15":{"name":"(anonymous_15)","decl":{"start":{"line":96,"column":18},"end":{"line":96,"column":19}},"loc":{"start":{"line":96,"column":23},"end":{"line":96,"column":35}},"line":96},"16":{"name":"(anonymous_16)","decl":{"start":{"line":99,"column":26},"end":{"line":99,"column":27}},"loc":{"start":{"line":99,"column":31},"end":{"line":102,"column":1}},"line":99},"17":{"name":"useCommonHook","decl":{"start":{"line":104,"column":9},"end":{"line":104,"column":22}},"loc":{"start":{"line":104,"column":40},"end":{"line":130,"column":1}},"line":104},"18":{"name":"(anonymous_18)","decl":{"start":{"line":107,"column":32},"end":{"line":107,"column":33}},"loc":{"start":{"line":107,"column":37},"end":{"line":107,"column":57}},"line":107},"19":{"name":"(anonymous_19)","decl":{"start":{"line":114,"column":14},"end":{"line":114,"column":15}},"loc":{"start":{"line":114,"column":20},"end":{"line":127,"column":5}},"line":114},"20":{"name":"(anonymous_20)","decl":{"start":{"line":115,"column":36},"end":{"line":115,"column":37}},"loc":{"start":{"line":115,"column":42},"end":{"line":117,"column":9}},"line":115},"21":{"name":"(anonymous_21)","decl":{"start":{"line":119,"column":15},"end":{"line":119,"column":16}},"loc":{"start":{"line":119,"column":21},"end":{"line":126,"column":9}},"line":119},"22":{"name":"(anonymous_22)","decl":{"start":{"line":124,"column":37},"end":{"line":124,"column":38}},"loc":{"start":{"line":124,"column":42},"end":{"line":124,"column":58}},"line":124}},"branchMap":{"0":{"loc":{"start":{"line":32,"column":20},"end":{"line":32,"column":30}},"type":"binary-expr","locations":[{"start":{"line":32,"column":20},"end":{"line":32,"column":24}},{"start":{"line":32,"column":28},"end":{"line":32,"column":30}}],"line":32},"1":{"loc":{"start":{"line":52,"column":8},"end":{"line":62,"column":9}},"type":"if","locations":[{"start":{"line":52,"column":8},"end":{"line":62,"column":9}},{"start":{},"end":{}}],"line":52},"2":{"loc":{"start":{"line":54,"column":12},"end":{"line":60,"column":13}},"type":"if","locations":[{"start":{"line":54,"column":12},"end":{"line":60,"column":13}},{"start":{"line":57,"column":19},"end":{"line":60,"column":13}}],"line":54},"3":{"loc":{"start":{"line":71,"column":17},"end":{"line":71,"column":26}},"type":"default-arg","locations":[{"start":{"line":71,"column":24},"end":{"line":71,"column":26}}],"line":71},"4":{"loc":{"start":{"line":72,"column":8},"end":{"line":72,"column":45}},"type":"if","locations":[{"start":{"line":72,"column":8},"end":{"line":72,"column":45}},{"start":{},"end":{}}],"line":72},"5":{"loc":{"start":{"line":74,"column":8},"end":{"line":74,"column":59}},"type":"if","locations":[{"start":{"line":74,"column":8},"end":{"line":74,"column":59}},{"start":{},"end":{}}],"line":74},"6":{"loc":{"start":{"line":77,"column":12},"end":{"line":77,"column":55}},"type":"if","locations":[{"start":{"line":77,"column":12},"end":{"line":77,"column":55}},{"start":{},"end":{}}],"line":77},"7":{"loc":{"start":{"line":104,"column":29},"end":{"line":104,"column":38}},"type":"default-arg","locations":[{"start":{"line":104,"column":36},"end":{"line":104,"column":38}}],"line":104},"8":{"loc":{"start":{"line":108,"column":4},"end":{"line":112,"column":5}},"type":"if","locations":[{"start":{"line":108,"column":4},"end":{"line":112,"column":5}},{"start":{},"end":{}}],"line":108},"9":{"loc":{"start":{"line":122,"column":12},"end":{"line":125,"column":13}},"type":"if","locations":[{"start":{"line":122,"column":12},"end":{"line":125,"column":13}},{"start":{},"end":{}}],"line":122}},"s":{"0":1,"1":1,"2":8,"3":8,"4":4,"5":12,"6":6,"7":17,"8":17,"9":17,"10":17,"11":17,"12":17,"13":12,"14":15,"15":15,"16":15,"17":15,"18":21,"19":12,"20":3,"21":2,"22":2,"23":1,"24":1,"25":12,"26":18,"27":46,"28":7,"29":39,"30":1,"31":38,"32":38,"33":39,"34":4,"35":34,"36":22,"37":22,"38":22,"39":31,"40":1,"41":1,"42":3,"43":3,"44":3,"45":1,"46":3,"47":3,"48":48,"49":45,"50":42,"51":45,"52":12,"53":12,"54":12,"55":45,"56":21,"57":21,"58":21,"59":21,"60":21,"61":15,"62":15,"63":15,"64":45},"f":{"0":8,"1":4,"2":12,"3":6,"4":17,"5":12,"6":15,"7":15,"8":21,"9":18,"10":46,"11":22,"12":22,"13":31,"14":3,"15":3,"16":3,"17":48,"18":42,"19":21,"20":21,"21":21,"22":15},"b":{"0":[17,5],"1":[3,9],"2":[2,1],"3":[1],"4":[7,39],"5":[1,38],"6":[4,35],"7":[9],"8":[12,33],"9":[15,6]},"_coverageSchema":"1a1c01bbd47fc00a2c39e90264f33305004495a9","hash":"6f11b803a6e2341cf578c0cf69f535a89912a96a"}
}
