{"/Users/gandreyev/Desktop/projects/nimm-commonhook/index.js": {"path":"/Users/gandreyev/Desktop/projects/nimm-commonhook/index.js","statementMap":{"0":{"start":{"line":10,"column":11},"end":{"line":10,"column":13}},"1":{"start":{"line":11,"column":11},"end":{"line":11,"column":15}},"2":{"start":{"line":12,"column":16},"end":{"line":12,"column":18}},"3":{"start":{"line":13,"column":10},"end":{"line":13,"column":14}},"4":{"start":{"line":14,"column":10},"end":{"line":14,"column":14}},"5":{"start":{"line":16,"column":8},"end":{"line":16,"column":25}},"6":{"start":{"line":17,"column":8},"end":{"line":17,"column":31}},"7":{"start":{"line":18,"column":8},"end":{"line":18,"column":28}},"8":{"start":{"line":19,"column":8},"end":{"line":19,"column":49}},"9":{"start":{"line":22,"column":8},"end":{"line":31,"column":10}},"10":{"start":{"line":24,"column":28},"end":{"line":24,"column":51}},"11":{"start":{"line":26,"column":16},"end":{"line":26,"column":31}},"12":{"start":{"line":27,"column":16},"end":{"line":27,"column":54}},"13":{"start":{"line":27,"column":45},"end":{"line":27,"column":52}},"14":{"start":{"line":28,"column":16},"end":{"line":28,"column":28}},"15":{"start":{"line":34,"column":8},"end":{"line":34,"column":50}},"16":{"start":{"line":37,"column":8},"end":{"line":37,"column":45}},"17":{"start":{"line":37,"column":32},"end":{"line":37,"column":45}},"18":{"start":{"line":39,"column":8},"end":{"line":39,"column":59}},"19":{"start":{"line":39,"column":46},"end":{"line":39,"column":59}},"20":{"start":{"line":41,"column":8},"end":{"line":43,"column":9}},"21":{"start":{"line":41,"column":21},"end":{"line":41,"column":22}},"22":{"start":{"line":42,"column":12},"end":{"line":42,"column":55}},"23":{"start":{"line":42,"column":42},"end":{"line":42,"column":55}},"24":{"start":{"line":45,"column":8},"end":{"line":45,"column":20}},"25":{"start":{"line":48,"column":8},"end":{"line":48,"column":32}},"26":{"start":{"line":49,"column":8},"end":{"line":51,"column":10}},"27":{"start":{"line":50,"column":12},"end":{"line":50,"column":66}},"28":{"start":{"line":50,"column":56},"end":{"line":50,"column":64}},"29":{"start":{"line":57,"column":19},"end":{"line":57,"column":21}},"30":{"start":{"line":60,"column":26},"end":{"line":63,"column":1}},"31":{"start":{"line":61,"column":4},"end":{"line":61,"column":37}},"32":{"start":{"line":61,"column":23},"end":{"line":61,"column":35}},"33":{"start":{"line":62,"column":4},"end":{"line":62,"column":15}},"34":{"start":{"line":66,"column":23},"end":{"line":66,"column":44}},"35":{"start":{"line":68,"column":21},"end":{"line":68,"column":58}},"36":{"start":{"line":68,"column":37},"end":{"line":68,"column":57}},"37":{"start":{"line":69,"column":4},"end":{"line":73,"column":5}},"38":{"start":{"line":70,"column":8},"end":{"line":70,"column":48}},"39":{"start":{"line":71,"column":8},"end":{"line":71,"column":31}},"40":{"start":{"line":72,"column":8},"end":{"line":72,"column":26}},"41":{"start":{"line":75,"column":4},"end":{"line":88,"column":21}},"42":{"start":{"line":76,"column":18},"end":{"line":78,"column":10}},"43":{"start":{"line":77,"column":12},"end":{"line":77,"column":32}},"44":{"start":{"line":80,"column":8},"end":{"line":87,"column":10}},"45":{"start":{"line":81,"column":12},"end":{"line":81,"column":16}},"46":{"start":{"line":83,"column":12},"end":{"line":86,"column":13}},"47":{"start":{"line":84,"column":16},"end":{"line":84,"column":38}},"48":{"start":{"line":85,"column":16},"end":{"line":85,"column":60}},"49":{"start":{"line":85,"column":42},"end":{"line":85,"column":58}},"50":{"start":{"line":90,"column":4},"end":{"line":90,"column":26}}},"fnMap":{"0":{"name":"(anonymous_0)","decl":{"start":{"line":15,"column":4},"end":{"line":15,"column":5}},"loc":{"start":{"line":15,"column":28},"end":{"line":20,"column":5}},"line":15},"1":{"name":"(anonymous_1)","decl":{"start":{"line":21,"column":4},"end":{"line":21,"column":5}},"loc":{"start":{"line":21,"column":11},"end":{"line":32,"column":5}},"line":21},"2":{"name":"(anonymous_2)","decl":{"start":{"line":23,"column":32},"end":{"line":23,"column":33}},"loc":{"start":{"line":23,"column":38},"end":{"line":29,"column":13}},"line":23},"3":{"name":"(anonymous_3)","decl":{"start":{"line":27,"column":39},"end":{"line":27,"column":40}},"loc":{"start":{"line":27,"column":45},"end":{"line":27,"column":52}},"line":27},"4":{"name":"(anonymous_4)","decl":{"start":{"line":33,"column":4},"end":{"line":33,"column":5}},"loc":{"start":{"line":33,"column":15},"end":{"line":35,"column":5}},"line":33},"5":{"name":"(anonymous_5)","decl":{"start":{"line":36,"column":4},"end":{"line":36,"column":5}},"loc":{"start":{"line":36,"column":28},"end":{"line":46,"column":5}},"line":36},"6":{"name":"(anonymous_6)","decl":{"start":{"line":47,"column":4},"end":{"line":47,"column":5}},"loc":{"start":{"line":47,"column":15},"end":{"line":52,"column":5}},"line":47},"7":{"name":"(anonymous_7)","decl":{"start":{"line":49,"column":15},"end":{"line":49,"column":16}},"loc":{"start":{"line":49,"column":21},"end":{"line":51,"column":9}},"line":49},"8":{"name":"(anonymous_8)","decl":{"start":{"line":50,"column":51},"end":{"line":50,"column":52}},"loc":{"start":{"line":50,"column":56},"end":{"line":50,"column":64}},"line":50},"9":{"name":"(anonymous_9)","decl":{"start":{"line":60,"column":26},"end":{"line":60,"column":27}},"loc":{"start":{"line":60,"column":32},"end":{"line":63,"column":1}},"line":60},"10":{"name":"(anonymous_10)","decl":{"start":{"line":61,"column":18},"end":{"line":61,"column":19}},"loc":{"start":{"line":61,"column":23},"end":{"line":61,"column":35}},"line":61},"11":{"name":"useCommonHook","decl":{"start":{"line":65,"column":9},"end":{"line":65,"column":22}},"loc":{"start":{"line":65,"column":40},"end":{"line":91,"column":1}},"line":65},"12":{"name":"(anonymous_12)","decl":{"start":{"line":68,"column":32},"end":{"line":68,"column":33}},"loc":{"start":{"line":68,"column":37},"end":{"line":68,"column":57}},"line":68},"13":{"name":"(anonymous_13)","decl":{"start":{"line":75,"column":14},"end":{"line":75,"column":15}},"loc":{"start":{"line":75,"column":20},"end":{"line":88,"column":5}},"line":75},"14":{"name":"(anonymous_14)","decl":{"start":{"line":76,"column":36},"end":{"line":76,"column":37}},"loc":{"start":{"line":76,"column":42},"end":{"line":78,"column":9}},"line":76},"15":{"name":"(anonymous_15)","decl":{"start":{"line":80,"column":15},"end":{"line":80,"column":16}},"loc":{"start":{"line":80,"column":21},"end":{"line":87,"column":9}},"line":80},"16":{"name":"(anonymous_16)","decl":{"start":{"line":85,"column":37},"end":{"line":85,"column":38}},"loc":{"start":{"line":85,"column":42},"end":{"line":85,"column":58}},"line":85}},"branchMap":{"0":{"loc":{"start":{"line":17,"column":20},"end":{"line":17,"column":30}},"type":"binary-expr","locations":[{"start":{"line":17,"column":20},"end":{"line":17,"column":24}},{"start":{"line":17,"column":28},"end":{"line":17,"column":30}}],"line":17},"1":{"loc":{"start":{"line":36,"column":17},"end":{"line":36,"column":26}},"type":"default-arg","locations":[{"start":{"line":36,"column":24},"end":{"line":36,"column":26}}],"line":36},"2":{"loc":{"start":{"line":37,"column":8},"end":{"line":37,"column":45}},"type":"if","locations":[{"start":{"line":37,"column":8},"end":{"line":37,"column":45}},{"start":{},"end":{}}],"line":37},"3":{"loc":{"start":{"line":39,"column":8},"end":{"line":39,"column":59}},"type":"if","locations":[{"start":{"line":39,"column":8},"end":{"line":39,"column":59}},{"start":{},"end":{}}],"line":39},"4":{"loc":{"start":{"line":42,"column":12},"end":{"line":42,"column":55}},"type":"if","locations":[{"start":{"line":42,"column":12},"end":{"line":42,"column":55}},{"start":{},"end":{}}],"line":42},"5":{"loc":{"start":{"line":65,"column":29},"end":{"line":65,"column":38}},"type":"default-arg","locations":[{"start":{"line":65,"column":36},"end":{"line":65,"column":38}}],"line":65},"6":{"loc":{"start":{"line":69,"column":4},"end":{"line":73,"column":5}},"type":"if","locations":[{"start":{"line":69,"column":4},"end":{"line":73,"column":5}},{"start":{},"end":{}}],"line":69},"7":{"loc":{"start":{"line":83,"column":12},"end":{"line":86,"column":13}},"type":"if","locations":[{"start":{"line":83,"column":12},"end":{"line":86,"column":13}},{"start":{},"end":{}}],"line":83}},"s":{"0":9,"1":9,"2":9,"3":9,"4":9,"5":9,"6":9,"7":9,"8":9,"9":4,"10":5,"11":5,"12":5,"13":7,"14":5,"15":6,"16":18,"17":3,"18":15,"19":1,"20":14,"21":14,"22":17,"23":2,"24":12,"25":8,"26":8,"27":8,"28":13,"29":1,"30":1,"31":1,"32":1,"33":1,"34":16,"35":15,"36":14,"37":15,"38":4,"39":4,"40":4,"41":15,"42":7,"43":7,"44":7,"45":7,"46":7,"47":5,"48":5,"49":5,"50":15},"f":{"0":9,"1":4,"2":5,"3":7,"4":6,"5":18,"6":8,"7":8,"8":13,"9":1,"10":1,"11":16,"12":14,"13":7,"14":7,"15":7,"16":5},"b":{"0":[9,5],"1":[1],"2":[3,15],"3":[1,14],"4":[2,15],"5":[3],"6":[4,11],"7":[5,2]},"_coverageSchema":"1a1c01bbd47fc00a2c39e90264f33305004495a9","hash":"81ee792ea200cb5c9d4bcd92b9521b6b43a52297"}
}
