TN:
SF:index.js
FN:12,newWireMethod
FN:16,oldWireMethod
FN:19,newDestructMethod
FN:22,oldDestructMethod
FN:29,(anonymous_4)
FN:37,(anonymous_5)
FN:38,(anonymous_6)
FN:46,(anonymous_7)
FN:48,(anonymous_8)
FN:67,(anonymous_9)
FN:71,(anonymous_10)
FN:82,(anonymous_11)
FN:84,(anonymous_12)
FN:85,(anonymous_13)
FN:95,(anonymous_14)
FN:96,(anonymous_15)
FN:99,(anonymous_16)
FN:104,useCommonHook
FN:107,(anonymous_18)
FN:114,(anonymous_19)
FN:115,(anonymous_20)
FN:119,(anonymous_21)
FN:124,(anonymous_22)
FNF:23
FNH:23
FNDA:8,newWireMethod
FNDA:4,oldWireMethod
FNDA:12,newDestructMethod
FNDA:6,oldDestructMethod
FNDA:17,(anonymous_4)
FNDA:12,(anonymous_5)
FNDA:15,(anonymous_6)
FNDA:15,(anonymous_7)
FNDA:21,(anonymous_8)
FNDA:18,(anonymous_9)
FNDA:46,(anonymous_10)
FNDA:22,(anonymous_11)
FNDA:22,(anonymous_12)
FNDA:31,(anonymous_13)
FNDA:3,(anonymous_14)
FNDA:3,(anonymous_15)
FNDA:3,(anonymous_16)
FNDA:48,useCommonHook
FNDA:42,(anonymous_18)
FNDA:21,(anonymous_19)
FNDA:21,(anonymous_20)
FNDA:21,(anonymous_21)
FNDA:15,(anonymous_22)
DA:10,1
DA:11,1
DA:13,8
DA:14,8
DA:17,4
DA:20,12
DA:23,6
DA:30,17
DA:31,17
DA:32,17
DA:33,17
DA:34,17
DA:35,17
DA:38,12
DA:39,15
DA:41,15
DA:42,15
DA:47,15
DA:48,21
DA:52,12
DA:54,3
DA:55,2
DA:56,2
DA:58,1
DA:59,1
DA:64,12
DA:68,18
DA:72,46
DA:74,39
DA:76,38
DA:77,39
DA:80,34
DA:83,22
DA:84,22
DA:85,31
DA:92,1
DA:95,1
DA:96,3
DA:97,3
DA:99,1
DA:100,3
DA:101,3
DA:105,48
DA:107,45
DA:108,45
DA:109,12
DA:110,12
DA:111,12
DA:114,45
DA:115,21
DA:116,21
DA:119,21
DA:120,21
DA:122,21
DA:123,15
DA:124,15
DA:129,45
LF:57
LH:57
BRDA:32,0,0,17
BRDA:32,0,1,5
BRDA:52,1,0,3
BRDA:52,1,1,9
BRDA:54,2,0,2
BRDA:54,2,1,1
BRDA:71,3,0,1
BRDA:72,4,0,7
BRDA:72,4,1,39
BRDA:74,5,0,1
BRDA:74,5,1,38
BRDA:77,6,0,4
BRDA:77,6,1,35
BRDA:104,7,0,9
BRDA:108,8,0,12
BRDA:108,8,1,33
BRDA:122,9,0,15
BRDA:122,9,1,6
BRF:18
BRH:18
end_of_record
