TN:
SF:index.js
FN:15,(anonymous_0)
FN:21,(anonymous_1)
FN:23,(anonymous_2)
FN:27,(anonymous_3)
FN:33,(anonymous_4)
FN:36,(anonymous_5)
FN:47,(anonymous_6)
FN:49,(anonymous_7)
FN:50,(anonymous_8)
FN:60,(anonymous_9)
FN:61,(anonymous_10)
FN:65,useCommonHook
FN:68,(anonymous_12)
FN:75,(anonymous_13)
FN:76,(anonymous_14)
FN:80,(anonymous_15)
FN:85,(anonymous_16)
FNF:17
FNH:17
FNDA:9,(anonymous_0)
FNDA:4,(anonymous_1)
FNDA:5,(anonymous_2)
FNDA:7,(anonymous_3)
FNDA:6,(anonymous_4)
FNDA:18,(anonymous_5)
FNDA:8,(anonymous_6)
FNDA:8,(anonymous_7)
FNDA:13,(anonymous_8)
FNDA:1,(anonymous_9)
FNDA:1,(anonymous_10)
FNDA:16,useCommonHook
FNDA:14,(anonymous_12)
FNDA:7,(anonymous_13)
FNDA:7,(anonymous_14)
FNDA:7,(anonymous_15)
FNDA:5,(anonymous_16)
DA:10,9
DA:11,9
DA:12,9
DA:13,9
DA:14,9
DA:16,9
DA:17,9
DA:18,9
DA:19,9
DA:22,4
DA:24,5
DA:26,5
DA:27,7
DA:28,5
DA:34,6
DA:37,18
DA:39,15
DA:41,14
DA:42,17
DA:45,12
DA:48,8
DA:49,8
DA:50,13
DA:57,1
DA:60,1
DA:61,1
DA:62,1
DA:66,16
DA:68,15
DA:69,15
DA:70,4
DA:71,4
DA:72,4
DA:75,15
DA:76,7
DA:77,7
DA:80,7
DA:81,7
DA:83,7
DA:84,5
DA:85,5
DA:90,15
LF:42
LH:42
BRDA:17,0,0,9
BRDA:17,0,1,5
BRDA:36,1,0,1
BRDA:37,2,0,3
BRDA:37,2,1,15
BRDA:39,3,0,1
BRDA:39,3,1,14
BRDA:42,4,0,2
BRDA:42,4,1,15
BRDA:65,5,0,3
BRDA:69,6,0,4
BRDA:69,6,1,11
BRDA:83,7,0,5
BRDA:83,7,1,2
BRF:14
BRH:14
end_of_record
